[debug] [2021-12-10T15:35:26.026Z] ----------------------------------------------------------------------
[debug] [2021-12-10T15:35:26.029Z] Command:       C:\Program Files\nodejs\node.exe C:\Users\Seshe\AppData\Roaming\npm\node_modules\firebase-tools\lib\bin\firebase.js init
[debug] [2021-12-10T15:35:26.029Z] CLI Version:   9.23.0
[debug] [2021-12-10T15:35:26.029Z] Platform:      win32
[debug] [2021-12-10T15:35:26.029Z] Node Version:  v14.17.4
[debug] [2021-12-10T15:35:26.030Z] Time:          Fri Dec 10 2021 10:35:26 GMT-0500 (Eastern Standard Time)
[debug] [2021-12-10T15:35:26.030Z] ----------------------------------------------------------------------
[debug] 
[debug] [2021-12-10T15:35:26.042Z] > command requires scopes: ["email","openid","https://www.googleapis.com/auth/cloudplatformprojects.readonly","https://www.googleapis.com/auth/firebase","https://www.googleapis.com/auth/cloud-platform"]
[debug] [2021-12-10T15:35:26.042Z] > authorizing via signed-in user (seshe19@gmail.com)
[info] 
     ######## #### ########  ######## ########     ###     ######  ########
     ##        ##  ##     ## ##       ##     ##  ##   ##  ##       ##
     ######    ##  ########  ######   ########  #########  ######  ######
     ##        ##  ##    ##  ##       ##     ## ##     ##       ## ##
     ##       #### ##     ## ######## ########  ##     ##  ######  ########

You're about to initialize a Firebase project in this directory:

  C:\Users\Seshe\OneDrive\desktop\personal\final-project\petfinder-app-frontend

[info] 
=== Project Setup
[info] 
[info] First, let's associate this project directory with a Firebase project.
[info] You can create multiple project aliases by running firebase use --add, 
[info] but for now we'll just set up a default project.
[info] 
[debug] [2021-12-10T15:35:57.458Z] > refreshing access token with scopes: []
[debug] [2021-12-10T15:35:57.459Z] >>> HTTP REQUEST POST https://www.googleapis.com/oauth2/v3/token  
 <request body omitted>
[debug] [2021-12-10T15:35:57.727Z] <<< HTTP RESPONSE 200 {"cache-control":"no-cache, no-store, max-age=0, must-revalidate","expires":"Mon, 01 Jan 1990 00:00:00 GMT","date":"Fri, 10 Dec 2021 15:35:58 GMT","pragma":"no-cache","content-type":"application/json; charset=utf-8","vary":"X-Origin, Referer, Origin,Accept-Encoding","server":"scaffolding on HTTPServer2","x-xss-protection":"0","x-frame-options":"SAMEORIGIN","x-content-type-options":"nosniff","alt-svc":"h3=\":443\"; ma=2592000,h3-29=\":443\"; ma=2592000,h3-Q050=\":443\"; ma=2592000,h3-Q046=\":443\"; ma=2592000,h3-Q043=\":443\"; ma=2592000,quic=\":443\"; ma=2592000; v=\"46,43\"","accept-ranges":"none","transfer-encoding":"chunked"}
[debug] [2021-12-10T15:35:57.750Z] >>> [apiv2][query] GET https://firebase.googleapis.com/v1beta1/projects pageSize=100
[debug] [2021-12-10T15:35:58.176Z] <<< [apiv2][status] GET https://firebase.googleapis.com/v1beta1/projects 200
[debug] [2021-12-10T15:35:58.176Z] <<< [apiv2][body] GET https://firebase.googleapis.com/v1beta1/projects [omitted]
